Determining if the include file pthread.h exists failed with the following output:
Change Dir: D:/RagnarokPrivateServer/rathena/out/build/x64-Debug (default)/CMakeFiles/CMakeTmp

Run Build Command(s):C:/Program Files (x86)/Microsoft Visual Studio/2019/Enterprise/Common7/IDE/CommonExtensions/Microsoft/CMake/Ninja/ninja.exe cmTC_d951d && [1/2] Building C object CMakeFiles\cmTC_d951d.dir\CheckIncludeFile.c.obj
FAILED: CMakeFiles/cmTC_d951d.dir/CheckIncludeFile.c.obj 
C:\PROGRA~2\MICROS~2\2019\ENTERP~1\VC\Tools\MSVC\1428~1.293\bin\Hostx64\x64\cl.exe  /nologo   /DWIN32 /D_WINDOWS /W3  /MDd /Zi /Ob0 /Od /RTC1 /showIncludes /FoCMakeFiles\cmTC_d951d.dir\CheckIncludeFile.c.obj /FdCMakeFiles\cmTC_d951d.dir\ /FS -c CheckIncludeFile.c
CheckIncludeFile.c(1): fatal error C1083: Cannot open include file: 'pthread.h': No such file or directory
ninja: build stopped: subcommand failed.



Performing C SOURCE FILE Test HAVE_TLS failed with the following compile output:
Change Dir: D:/RagnarokPrivateServer/rathena/out/build/x64-Debug (default)/CMakeFiles/CMakeTmp

Run Build Command(s):C:/Program Files (x86)/Microsoft Visual Studio/2019/Enterprise/Common7/IDE/CommonExtensions/Microsoft/CMake/Ninja/ninja.exe cmTC_54e42 && [1/2] Building C object CMakeFiles\cmTC_54e42.dir\src.c.obj
FAILED: CMakeFiles/cmTC_54e42.dir/src.c.obj 
C:\PROGRA~2\MICROS~2\2019\ENTERP~1\VC\Tools\MSVC\1428~1.293\bin\Hostx64\x64\cl.exe  /nologo   /DWIN32 /D_WINDOWS /W3 -DHAVE_TLS /MDd /Zi /Ob0 /Od /RTC1 /showIncludes /FoCMakeFiles\cmTC_54e42.dir\src.c.obj /FdCMakeFiles\cmTC_54e42.dir\ /FS -c src.c
src.c(1): error C2054: expected '(' to follow '__thread'
src.c(1): error C2085: 'tls': not in formal parameter list
src.c(4): error C2085: 'main': not in formal parameter list
src.c(4): error C2143: syntax error: missing ';' before '{'
ninja: build stopped: subcommand failed.


...and run output:

Return value: 1
Source file was:
__thread int tls;

int main(int argc, char** argv)
{
	return 0;
}

Performing C SOURCE FILE Test HAVE_MONOTONIC_CLOCK failed with the following compile output:
Change Dir: D:/RagnarokPrivateServer/rathena/out/build/x64-Debug (default)/CMakeFiles/CMakeTmp

Run Build Command(s):C:/Program Files (x86)/Microsoft Visual Studio/2019/Enterprise/Common7/IDE/CommonExtensions/Microsoft/CMake/Ninja/ninja.exe cmTC_6bf61 && [1/2] Building C object CMakeFiles\cmTC_6bf61.dir\src.c.obj
FAILED: CMakeFiles/cmTC_6bf61.dir/src.c.obj 
C:\PROGRA~2\MICROS~2\2019\ENTERP~1\VC\Tools\MSVC\1428~1.293\bin\Hostx64\x64\cl.exe  /nologo   /DWIN32 /D_WINDOWS /W3 -DHAVE_MONOTONIC_CLOCK /MDd /Zi /Ob0 /Od /RTC1 /showIncludes /FoCMakeFiles\cmTC_6bf61.dir\src.c.obj /FdCMakeFiles\cmTC_6bf61.dir\ /FS -c src.c
src.c(1): fatal error C1083: Cannot open include file: 'sys/time.h': No such file or directory
ninja: build stopped: subcommand failed.


...and run output:

Return value: 1
Source file was:
#include <sys/time.h>
#include <time.h>
#include <unistd.h>
int main(int argc, char** argv)
{
	struct timespec tval;
	return clock_gettime(CLOCK_MONOTONIC, &tval);
}

Determining if the function setrlimit exists failed with the following output:
Change Dir: D:/RagnarokPrivateServer/rathena/out/build/x64-Debug (default)/CMakeFiles/CMakeTmp

Run Build Command(s):C:/Program Files (x86)/Microsoft Visual Studio/2019/Enterprise/Common7/IDE/CommonExtensions/Microsoft/CMake/Ninja/ninja.exe cmTC_78238 && [1/2] Building C object CMakeFiles\cmTC_78238.dir\CheckFunctionExists.c.obj
[2/2] Linking C executable cmTC_78238.exe
FAILED: cmTC_78238.exe 
cmd.exe /C "cd . && "C:\Program Files (x86)\Microsoft Visual Studio\2019\Enterprise\Common7\IDE\CommonExtensions\Microsoft\CMake\CMake\bin\cmake.exe" -E vs_link_exe --intdir=CMakeFiles\cmTC_78238.dir --rc=C:\PROGRA~2\WI3CF2~1\10\bin\100183~1.0\x64\rc.exe --mt=C:\PROGRA~2\WI3CF2~1\10\bin\100183~1.0\x64\mt.exe --manifests  -- C:\PROGRA~2\MICROS~2\2019\ENTERP~1\VC\Tools\MSVC\1428~1.293\bin\Hostx64\x64\link.exe /nologo CMakeFiles\cmTC_78238.dir\CheckFunctionExists.c.obj  /out:cmTC_78238.exe /implib:cmTC_78238.lib /pdb:cmTC_78238.pdb /version:0.0 /machine:x64  /debug /INCREMENTAL /subsystem:console  kernel32.lib user32.lib gdi32.lib winspool.lib shell32.lib ole32.lib oleaut32.lib uuid.lib comdlg32.lib advapi32.lib && cd ."
LINK Pass 1: command "C:\PROGRA~2\MICROS~2\2019\ENTERP~1\VC\Tools\MSVC\1428~1.293\bin\Hostx64\x64\link.exe /nologo CMakeFiles\cmTC_78238.dir\CheckFunctionExists.c.obj /out:cmTC_78238.exe /implib:cmTC_78238.lib /pdb:cmTC_78238.pdb /version:0.0 /machine:x64 /debug /INCREMENTAL /subsystem:console kernel32.lib user32.lib gdi32.lib winspool.lib shell32.lib ole32.lib oleaut32.lib uuid.lib comdlg32.lib advapi32.lib /MANIFEST /MANIFESTFILE:CMakeFiles\cmTC_78238.dir/intermediate.manifest CMakeFiles\cmTC_78238.dir/manifest.res" failed (exit code 1120) with the following output:
CheckFunctionExists.c.obj : error LNK2019: unresolved external symbol setrlimit referenced in function main
cmTC_78238.exe : fatal error LNK1120: 1 unresolved externals
ninja: build stopped: subcommand failed.



Determining if the function gettid exists failed with the following output:
Change Dir: D:/RagnarokPrivateServer/rathena/out/build/x64-Debug (default)/CMakeFiles/CMakeTmp

Run Build Command(s):C:/Program Files (x86)/Microsoft Visual Studio/2019/Enterprise/Common7/IDE/CommonExtensions/Microsoft/CMake/Ninja/ninja.exe cmTC_37e00 && [1/2] Building C object CMakeFiles\cmTC_37e00.dir\CheckFunctionExists.c.obj
[2/2] Linking C executable cmTC_37e00.exe
FAILED: cmTC_37e00.exe 
cmd.exe /C "cd . && "C:\Program Files (x86)\Microsoft Visual Studio\2019\Enterprise\Common7\IDE\CommonExtensions\Microsoft\CMake\CMake\bin\cmake.exe" -E vs_link_exe --intdir=CMakeFiles\cmTC_37e00.dir --rc=C:\PROGRA~2\WI3CF2~1\10\bin\100183~1.0\x64\rc.exe --mt=C:\PROGRA~2\WI3CF2~1\10\bin\100183~1.0\x64\mt.exe --manifests  -- C:\PROGRA~2\MICROS~2\2019\ENTERP~1\VC\Tools\MSVC\1428~1.293\bin\Hostx64\x64\link.exe /nologo CMakeFiles\cmTC_37e00.dir\CheckFunctionExists.c.obj  /out:cmTC_37e00.exe /implib:cmTC_37e00.lib /pdb:cmTC_37e00.pdb /version:0.0 /machine:x64  /debug /INCREMENTAL /subsystem:console  kernel32.lib user32.lib gdi32.lib winspool.lib shell32.lib ole32.lib oleaut32.lib uuid.lib comdlg32.lib advapi32.lib && cd ."
LINK Pass 1: command "C:\PROGRA~2\MICROS~2\2019\ENTERP~1\VC\Tools\MSVC\1428~1.293\bin\Hostx64\x64\link.exe /nologo CMakeFiles\cmTC_37e00.dir\CheckFunctionExists.c.obj /out:cmTC_37e00.exe /implib:cmTC_37e00.lib /pdb:cmTC_37e00.pdb /version:0.0 /machine:x64 /debug /INCREMENTAL /subsystem:console kernel32.lib user32.lib gdi32.lib winspool.lib shell32.lib ole32.lib oleaut32.lib uuid.lib comdlg32.lib advapi32.lib /MANIFEST /MANIFESTFILE:CMakeFiles\cmTC_37e00.dir/intermediate.manifest CMakeFiles\cmTC_37e00.dir/manifest.res" failed (exit code 1120) with the following output:
CheckFunctionExists.c.obj : error LNK2019: unresolved external symbol gettid referenced in function main
cmTC_37e00.exe : fatal error LNK1120: 1 unresolved externals
ninja: build stopped: subcommand failed.



